<?xml version="1.0" encoding="UTF-8"?>
<!-- Generated by org.testng.reporters.JUnitXMLReporter -->
<testsuite ignored="0" hostname="SRINIVAS-G2005" failures="0" tests="3" name="Default test" time="11.803" errors="0" timestamp="2025-03-24T21:42:17 IST">
  <testcase classname="automationBlogSpot.MouseActions" name="mouseHover" time="0.428"/>
  <testcase classname="automationBlogSpot.MouseActions" name="doubleClick" time="0.474"/>
  <testcase classname="automationBlogSpot.MouseActions" name="dragAndDrop" time="0.391"/>
</testsuite> <!-- Default test -->
