<?xml version="1.0" encoding="UTF-8"?>
<!-- Generated by org.testng.reporters.JUnitXMLReporter -->
<testsuite ignored="2" hostname="SRINIVAS-G2005" failures="0" tests="1" name="Default test" time="9.675" errors="0" timestamp="2025-03-24T20:59:53 IST">
  <testcase classname="automationBlogSpot.MouseActions" name="doubleClick" time="0.689"/>
  <testcase classname="automationBlogSpot.MouseActions" name="dragAndDrop" time="0.0">
    <ignored/>
  </testcase> <!-- dragAndDrop -->
  <testcase classname="automationBlogSpot.MouseActions" name="mouseHover" time="0.0">
    <ignored/>
  </testcase> <!-- mouseHover -->
</testsuite> <!-- Default test -->
