<?xml version="1.0" encoding="UTF-8"?>
<testng-results ignored="0" total="2" passed="2" failed="0" skipped="0">
  <reporter-output>
  </reporter-output>
  <suite started-at="2025-03-24T20:21:56 IST" name="Default suite" finished-at="2025-03-24T20:22:06 IST" duration-ms="9369">
    <groups>
    </groups>
    <test started-at="2025-03-24T20:21:56 IST" name="Default test" finished-at="2025-03-24T20:22:06 IST" duration-ms="9369">
      <class name="guru99DemoSite.MouseActions">
        <test-method is-config="true" signature="setUp()[pri:0, instance:guru99DemoSite.MouseActions@62379589]" started-at="2025-03-24T20:21:57 IST" name="setUp" finished-at="2025-03-24T20:22:05 IST" duration-ms="8297" status="PASS">
          <reporter-output>
          </reporter-output>
        </test-method> <!-- setUp -->
        <test-method signature="contextClick()[pri:1, instance:guru99DemoSite.MouseActions@62379589]" started-at="2025-03-24T20:22:05 IST" name="contextClick" finished-at="2025-03-24T20:22:05 IST" duration-ms="401" status="PASS">
          <reporter-output>
          </reporter-output>
        </test-method> <!-- contextClick -->
        <test-method signature="doubleClick()[pri:2, instance:guru99DemoSite.MouseActions@62379589]" started-at="2025-03-24T20:22:05 IST" name="doubleClick" finished-at="2025-03-24T20:22:06 IST" duration-ms="217" status="PASS">
          <reporter-output>
          </reporter-output>
        </test-method> <!-- doubleClick -->
        <test-method is-config="true" signature="tearDown()[pri:0, instance:guru99DemoSite.MouseActions@62379589]" started-at="2025-03-24T20:22:06 IST" name="tearDown" finished-at="2025-03-24T20:22:06 IST" duration-ms="363" status="PASS">
          <reporter-output>
          </reporter-output>
        </test-method> <!-- tearDown -->
      </class> <!-- guru99DemoSite.MouseActions -->
    </test> <!-- Default test -->
  </suite> <!-- Default suite -->
</testng-results>
