<?xml version="1.0" encoding="UTF-8"?>
<testng-results ignored="0" total="3" passed="3" failed="0" skipped="0">
  <reporter-output>
  </reporter-output>
  <suite started-at="2025-03-24T21:42:06 IST" name="Default suite" finished-at="2025-03-24T21:42:17 IST" duration-ms="11803">
    <groups>
    </groups>
    <test started-at="2025-03-24T21:42:06 IST" name="Default test" finished-at="2025-03-24T21:42:17 IST" duration-ms="11803">
      <class name="automationBlogSpot.MouseActions">
        <test-method is-config="true" signature="setUp()[pri:0, instance:automationBlogSpot.MouseActions@4afcd809]" started-at="2025-03-24T21:42:06 IST" name="setUp" finished-at="2025-03-24T21:42:15 IST" duration-ms="9791" status="PASS">
          <reporter-output>
          </reporter-output>
        </test-method> <!-- setUp -->
        <test-method signature="mouseHover()[pri:1, instance:automationBlogSpot.MouseActions@4afcd809]" started-at="2025-03-24T21:42:15 IST" name="mouseHover" finished-at="2025-03-24T21:42:16 IST" duration-ms="428" status="PASS">
          <reporter-output>
          </reporter-output>
        </test-method> <!-- mouseHover -->
        <test-method signature="doubleClick()[pri:2, instance:automationBlogSpot.MouseActions@4afcd809]" started-at="2025-03-24T21:42:16 IST" name="doubleClick" finished-at="2025-03-24T21:42:16 IST" duration-ms="474" status="PASS">
          <reporter-output>
          </reporter-output>
        </test-method> <!-- doubleClick -->
        <test-method signature="dragAndDrop()[pri:3, instance:automationBlogSpot.MouseActions@4afcd809]" started-at="2025-03-24T21:42:16 IST" name="dragAndDrop" finished-at="2025-03-24T21:42:17 IST" duration-ms="391" status="PASS">
          <reporter-output>
          </reporter-output>
        </test-method> <!-- dragAndDrop -->
        <test-method is-config="true" signature="tearDown()[pri:0, instance:automationBlogSpot.MouseActions@4afcd809]" started-at="2025-03-24T21:42:17 IST" name="tearDown" finished-at="2025-03-24T21:42:17 IST" duration-ms="624" status="PASS">
          <reporter-output>
          </reporter-output>
        </test-method> <!-- tearDown -->
      </class> <!-- automationBlogSpot.MouseActions -->
    </test> <!-- Default test -->
  </suite> <!-- Default suite -->
</testng-results>
